<?xml version="1.0" encoding="UTF-8"?>
<!-- Generated by org.testng.reporters.JUnitReportReporter -->
<testsuite hostname="INBLRFT00026" name="configuration.Data" tests="1" failures="0" timestamp="25 Oct 2019 10:56:19 GMT" time="0.014" errors="0">
  <testcase name="testConfig" time="0.014" classname="configuration.Data"/>
</testsuite> <!-- configuration.Data -->
