<?xml version="1.0" encoding="UTF-8"?>
<!-- Generated by org.testng.reporters.JUnitReportReporter -->
<testsuite hostname="INBLRFT00026" name="com.IBA.Login" tests="1" failures="0" timestamp="7 Nov 2019 05:50:32 GMT" time="19.800" errors="0">
  <testcase name="setpage" time="19.800" classname="com.IBA.Login"/>
</testsuite> <!-- com.IBA.Login -->
