<?xml version="1.0" encoding="UTF-8"?>
<!-- Generated by org.testng.reporters.JUnitReportReporter -->
<testsuite hostname="INBLRFT00026" name="com.sm_crud.Baseclass" tests="1" failures="0" timestamp="13 Aug 2019 13:12:40 GMT" time="15.366" errors="0">
  <testcase name="login" time="15.366" classname="com.sm_crud.Baseclass"/>
</testsuite> <!-- com.sm_crud.Baseclass -->
