<?xml version="1.0" encoding="UTF-8"?>
<!-- Generated by org.testng.reporters.JUnitReportReporter -->
<testsuite skipped="0" hostname="INBLRFT00026" name="com.NewTest" tests="1" failures="0" timestamp="31 Jul 2019 06:01:47 GMT" time="14.422" errors="0">
  <testcase name="login" time="14.422" classname="com.NewTest"/>
</testsuite> <!-- com.NewTest -->
