<?xml version="1.0" encoding="UTF-8"?>
<!-- Generated by org.testng.reporters.JUnitReportReporter -->
<testsuite hostname="INBLRFT00026" name="com.sm_userrole.Login" tests="1" failures="0" timestamp="20 Aug 2019 08:55:55 GMT" time="14.158" errors="0">
  <testcase name="login" time="14.158" classname="com.sm_userrole.Login"/>
</testsuite> <!-- com.sm_userrole.Login -->
