<?xml version="1.0" encoding="UTF-8"?>
<!-- Generated by org.testng.reporters.JUnitReportReporter -->
<testsuite hostname="INBLRFT00026" name="com.sm_crud.db" tests="4" failures="0" timestamp="6 Sep 2019 09:14:47 GMT" time="37.235" errors="0">
  <testcase name="Configuration" time="12.831" classname="com.sm_crud.db"/>
  <testcase name="login" time="15.447" classname="com.sm_crud.db"/>
  <testcase name="viewuser" time="3.739" classname="com.sm_crud.db"/>
  <testcase name="createuser" time="5.218" classname="com.sm_crud.db"/>
</testsuite> <!-- com.sm_crud.db -->
