<?xml version="1.0" encoding="UTF-8"?>
<!-- Generated by org.testng.reporters.JUnitReportReporter -->
<testsuite hostname="INBLRFT00026" name="sm_userrole.Login" tests="1" failures="0" timestamp="13 Aug 2019 12:59:19 GMT" time="2.954" errors="0">
  <testcase name="login" time="2.954" classname="sm_userrole.Login"/>
</testsuite> <!-- sm_userrole.Login -->
