<?xml version="1.0" encoding="UTF-8"?>
<!-- Generated by org.testng.reporters.JUnitReportReporter -->
<testsuite hostname="INBLRFT00026" name="com.sm_userrole.Newrole" tests="5" failures="0" timestamp="19 Aug 2019 10:36:51 GMT" time="59.728" errors="0">
  <testcase name="Configuration" time="19.350" classname="com.sm_userrole.Newrole"/>
  <testcase name="createuser" time="10.073" classname="com.sm_userrole.Newrole"/>
  <testcase name="edituser" time="9.610" classname="com.sm_userrole.Newrole"/>
  <testcase name="deleteuser" time="5.345" classname="com.sm_userrole.Newrole"/>
  <testcase name="login" time="15.350" classname="com.sm_userrole.Newrole"/>
</testsuite> <!-- com.sm_userrole.Newrole -->
