<?xml version="1.0" encoding="UTF-8"?>
<!-- Generated by org.testng.reporters.JUnitReportReporter -->
<testsuite skipped="0" hostname="INBLRFT00026" name="com.db" tests="4" failures="0" timestamp="02 Aug 2019 04:41:04 GMT" time="45.393" errors="0">
  <testcase name="createuser" time="5.129" classname="com.db"/>
  <testcase name="viewuser" time="6.680" classname="com.db"/>
  <testcase name="login" time="19.328" classname="com.db"/>
  <testcase name="Configuration" time="14.256" classname="com.db"/>
</testsuite> <!-- com.db -->
