<?xml version="1.0" encoding="UTF-8"?>
<!-- Generated by org.testng.reporters.JUnitReportReporter -->
<testsuite hostname="INBLRFT00026" name="sm_crud.Baseclass" tests="1" failures="0" timestamp="13 Aug 2019 10:24:52 GMT" time="2.668" errors="0">
  <testcase name="login" time="2.668" classname="sm_crud.Baseclass"/>
</testsuite> <!-- sm_crud.Baseclass -->
