<?xml version="1.0" encoding="UTF-8"?>
<!-- Generated by org.testng.reporters.JUnitReportReporter -->
<testsuite hostname="INBLRFT00026" name="sm_userrole.Newrole" tests="2" failures="0" timestamp="13 Aug 2019 12:59:19 GMT" time="32.389" errors="0">
  <testcase name="login" time="19.231" classname="sm_userrole.Newrole"/>
  <testcase name="createuser" time="13.158" classname="sm_userrole.Newrole"/>
</testsuite> <!-- sm_userrole.Newrole -->
