<?xml version="1.0" encoding="UTF-8"?>
<!-- Generated by org.testng.reporters.JUnitReportReporter -->
<testsuite skipped="0" hostname="INBLRFT00026" name="Login" tests="1" failures="0" timestamp="24 Jul 2019 11:59:55 GMT" time="13.330" errors="0">
  <testcase name="Initialize" time="13.330" classname="Login"/>
</testsuite> <!-- Login -->
