<?xml version="1.0" encoding="UTF-8"?>
<!-- Generated by org.testng.reporters.JUnitReportReporter -->
<testsuite skipped="0" hostname="INBLRFT00026" name="s.s.Sel" tests="1" failures="0" timestamp="22 Jul 2019 13:08:27 GMT" time="12.468" errors="0">
  <testcase name="runtest" time="12.468" classname="s.s.Sel"/>
</testsuite> <!-- s.s.Sel -->
